# OpenClaw 健康检查日志

**检查时间:** 2026-03-20 23:48 (Asia/Shanghai)
**任务ID:** cron:bfd0a748-09fc-4152-819d-49a0ee40ad5e

## 执行结果

✅ **OpenClaw 服务状态正常**

### 服务概况
- **Dashboard:** http://127.0.0.1:18789/
- **OS:** macOS 26.3 (arm64) · Node 23.11.0
- **Gateway Service:** LaunchAgent 已安装 · 已加载 · 运行中 (pid 63055)
- **Node Service:** LaunchAgent 未安装
- **Agents:** 1 个 · 293 个会话
- **Heartbeat:** 30分钟间隔

### 通道状态
| 通道 | 状态 | 详情 |
|------|------|------|
| Feishu | ✅ ON | 已配置 · 2/2 账户正常 |

### 安全检查
- **总体:** 0 严重 · 2 警告 · 1 信息
- **警告1:** 反向代理头不受信任（本地回环环境，可忽略）
- **警告2:** Feishu doc create 可授予请求者权限（预期行为）

### 会话状态
- 当前活跃会话: 10 个
- 默认模型: kimi-k2.5
- 主会话: 8分钟前活跃 (167k/205k tokens, 82%)

## 结论

服务运行正常，无需重启。所有核心组件状态良好，Feishu 通道正常工作。
