# OpenClaw 健康检查日志

**检查时间:** 2026-03-20 23:16:00 (Asia/Shanghai)
**任务 ID:** cron:bfd0a748-09fc-4152-819d-49a0ee40ad5e

## 检查结果

✅ **OpenClaw 服务状态: 正常运行**

### 概览
- **Dashboard:** http://127.0.0.1:18789/
- **OS:** macOS 26.3 (arm64) · Node.js 23.11.0
- **Gateway:** 本地模式运行中 (ws://127.0.0.1:18789)
- **Gateway Service:** LaunchAgent 已安装、已加载、运行中 (pid 63055)
- **Agents:** 1 个活跃 · 261 个会话
- **Heartbeat:** 30分钟间隔

### 频道状态
- **Feishu:** ✅ 已启用 · 状态正常 · 2/2 账号已配置

### 安全审计
- **关键:** 0 个
- **警告:** 2 个
- **信息:** 1 个

**警告详情:**
1. 反向代理头未受信任 (仅本地访问可忽略)
2. 飞书文档创建可能授予请求者权限

### 会话状态
- 当前活跃会话: 10 个
- 主会话: agent:main:main (2分钟前活跃)
- Cron 任务会话: 9 个

## 结论

服务运行正常，无需重启或干预。
