[2026-03-19 15:12:53] OpenClaw Health Check - Status: RUNNING
[2026-03-19 21:55:16] OpenClaw Health Check - Status: RUNNING, Gateway: active (pid 13815), Sessions: 28 active
[2026-03-20 08:30:39] OpenClaw Health Check - Status: RUNNING, Exit Code: 0
[2026-03-20 14:50:54] OpenClaw Health Check - Status: RUNNING
[2026-03-20 17:19:05] OpenClaw Health Check - Status: RUNNING
[2026-03-20 20:13:37] OpenClaw Health Check - Status: RUNNING
[2026-03-20 20:21:41] OpenClaw Health Check - Status: RUNNING
- Gateway service: Running (pid 44044, state active)
- Feishu channel: OK (2/2 accounts configured)
- Sessions: 101 active
- Security: 0 critical, 2 warn, 1 info
- Dashboard: http://127.0.0.1:18789/
[2026-03-20 20:34:36] OpenClaw Health Check - Status: RUNNING
[2026-03-20 20:43:37] OpenClaw health check - Status: RUNNING, Gateway: running (pid 44044), Sessions: 123 active, Channels: Feishu OK
[2026-03-20 20:48:36] OpenClaw health check - Status: RUNNING | Gateway: running (pid 44044) | Feishu: OK | Sessions: 128 active
[2026-03-20 20:53:38] OpenClaw health check - Status: RUNNING, Gateway: running (pid 44044), Sessions: 133 active, Channels: Feishu OK
[2026-03-20 21:10:39] OpenClaw Health Check - Status: RUNNING
[2026-03-20 21:12:37] OpenClaw health check - Status: RUNNING, Gateway: running (pid 44044), Sessions: 147 active, Channels: Feishu OK
[2026-03-20 21:47:40] OpenClaw Health Check - Status: RUNNING
[2026-03-20 22:09:42] OpenClaw Health Check - Status: RUNNING
[2026-03-20 22:46:36] OpenClaw Health Check - Status: RUNNING
[2026-03-20 23:06:46] OpenClaw health check - Status: RUNNING
[2026-03-20 23:18:37] OpenClaw Health Check - Status: RUNNING
[2026-03-20 23:22:42] OpenClaw health check - Status: RUNNING | Gateway: running (pid 63055) | Feishu: OK | Sessions: 267 active
[2026-03-20 23:23:37] OpenClaw health check - Status: RUNNING, Exit code: 0
[2026-03-20 23:50:40] OpenClaw Health Check - Status: RUNNING
[2026-03-21 00:06:37] OpenClaw Health Check - Status: RUNNING
[2026-03-21 00:13:40] OpenClaw health check - Status: RUNNING
[2026-03-21 01:06:38] OpenClaw health check - Status: RUNNING | Gateway: running (pid 63055) | Feishu: OK | Sessions: 358 active | Security: 0 critical, 2 warn
[2026-03-21 01:12:42] OpenClaw Health Check - Status: RUNNING
[2026-03-21 01:19:38] OpenClaw health check - Status: RUNNING | Gateway: running (pid 63055) | Feishu: OK | Sessions: 371 active
[2026-03-21 01:39:35] OpenClaw Health Check - Status: RUNNING
[2026-03-21 02:06:40] OpenClaw health check - Status: RUNNING | Gateway: running (pid 63055) | Feishu: OK | Sessions: 411 active
[2026-03-21 02:18:37] OpenClaw Health Check - Status: RUNNING
[2026-03-21 02:23:39] OpenClaw health check - Status: RUNNING | Gateway: running (pid 63055) | Feishu: OK | Sessions: 428 active
[2026-03-21 02:44:40] OpenClaw Health Check - Status: RUNNING
[2026-03-21 03:04:06] OpenClaw health check - Status: RUNNING
[2026-03-21 03:08:40] OpenClaw health check - Status: RUNNING, Gateway: running (pid 63055), Sessions: 468 active, Channels: Feishu OK
[2026-03-21 03:18:39] OpenClaw health check - Status: RUNNING | Gateway: running (pid 63055) | Feishu: OK | Sessions: 478 active
[2026-03-21 04:06:40] OpenClaw health check - Status: RUNNING (exit code 0)
[2026-03-21 04:11:42] OpenClaw health check - Status: RUNNING | Sessions: 524 | Feishu: OK | Gateway: running (pid 63055)
[2026-03-21 04:51:38] OpenClaw Health Check - Status: RUNNING
[2026-03-21 04:57:49] OpenClaw Health Check - Status: RUNNING
[2026-03-21 05:12:36] OpenClaw health check - Status: RUNNING, Exit code: 0
[2026-03-21 05:24:38] OpenClaw health check - Status: RUNNING | Gateway: running (pid 63055) | Feishu: OK | Sessions: 592 active
[2026-03-21 05:42:41] OpenClaw Health Check - Status: RUNNING, Exit Code: 0
[2026-03-21 05:52:35] OpenClaw Health Check - Status: OK (Exit code: 0)
[2026-03-21 06:34:35] OpenClaw health check - Status: RUNNING | Gateway: running (pid 63055) | Feishu: OK | Sessions: 647 active
[2026-03-21 07:02:38] OpenClaw health check - Status: RUNNING (exit code 0)
[2026-03-21 08:20:46] OpenClaw health check - Status: RUNNING | Gateway: running (pid 63055) | Feishu: OK | Sessions: 733 active
[2026-03-21 10:55:59] OpenClaw Health Check - Status: RUNNING, Exit Code: 0
[2026-03-21 11:00:01] OpenClaw Health Check - Status: RUNNING
[2026-03-21 11:01:01] OpenClaw health check - Status: RUNNING, Exit code: 0
[2026-03-21 11:04:09] OpenClaw Health Check - Status: RUNNING, Gateway: running (pid 7209), Sessions: 755, Channels: Feishu OK
[2026-03-21 11:06:01] OpenClaw health check - Status: RUNNING, Gateway: running (pid 7209), Sessions: 757 active, Channels: Feishu OK
[2026-03-21 11:15:58] OpenClaw health check - Status: RUNNING, Exit code: 0
[2026-03-21 11:17:05] OpenClaw health check - Status: RUNNING | Gateway: running (pid 7209) | Feishu: OK | Sessions: 768 active
[2026-03-21 11:20:06] OpenClaw health check - Status: RUNNING | Gateway: running (pid 7209) | Feishu: OK | Sessions: 771 active
[2026-03-21 11:22:05] OpenClaw health check - Status: RUNNING | Gateway: running (pid 7209) | Feishu: OK | Sessions: 773 active
[2026-03-21 11:27:59] OpenClaw health check - Status: RUNNING, Gateway: running (pid 7209), Sessions: 779, Channels: Feishu OK
[2026-03-21 11:34:08] OpenClaw health check - Status: RUNNING, Exit code: 0
[2026-03-21 11:35:01] OpenClaw health check - Status: RUNNING | Gateway: running (pid 7209) | Feishu: OK | Sessions: 785 active
[2026-03-21 11:39:02] OpenClaw health check - Status: RUNNING, Gateway: running (pid 7209), Sessions: 789 active, Channels: Feishu OK
[2026-03-21 11:40:01] OpenClaw health check - Status: RUNNING | Gateway: running (pid 7209) | Feishu: OK | Sessions: 790 active
[2026-03-21 11:41:06] OpenClaw health check - Status: RUNNING, Exit code: 0
[2026-03-21 11:42:04] OpenClaw health check - Status: RUNNING, Exit code: 0
[2026-03-21 11:46:00] OpenClaw Health Check - Status: RUNNING
[2026-03-21 11:50:08] OpenClaw Health Check - Status: RUNNING
[2026-03-21 11:53:00] OpenClaw health check - Status: RUNNING, Gateway: running (pid 7209), Sessions: 803 active, Channels: Feishu OK
[2026-03-21 11:54:02] OpenClaw Health Check - Status: RUNNING
[2026-03-21 11:55:00] OpenClaw Health Check - Status: RUNNING
[2026-03-21 11:56:03] OpenClaw health check - Status: RUNNING (exit code 0)
[2026-03-21 12:06:02] OpenClaw health check - Status: RUNNING, Exit code: 0
[2026-03-21 12:08:05] OpenClaw health check - Status: RUNNING | Gateway: running (pid 7209) | Feishu: OK | Sessions: 818 active
[2026-03-21 12:11:04] OpenClaw Health Check - Status: RUNNING
[2026-03-21 12:14:07] OpenClaw health check - Status: RUNNING, Exit code: 0
[2026-03-21 12:21:03] OpenClaw Health Check - Status: RUNNING, Exit Code: 0
[2026-03-21 12:24:03] OpenClaw health check - Status: RUNNING | Gateway: running (pid 7209) | Feishu: OK | Sessions: 834 active
[2026-03-21 12:25:03] OpenClaw Health Check - Status: RUNNING
